Start testing: Oct 09 23:01 IST
----------------------------------------------------------
1/15 Testing: wrapping_integers_cmp
1/15 Test: wrapping_integers_cmp
Command: "/home/deepanshu-dabas/Downloads/assignment2/build/tests/wrapping_integers_cmp"
Directory: /home/deepanshu-dabas/Downloads/assignment2/build/tests
"wrapping_integers_cmp" start time: Oct 09 23:01 IST
Output:
----------------------------------------------------------
<end of output>
Test time =   0.00 sec
----------------------------------------------------------
Test Passed.
"wrapping_integers_cmp" end time: Oct 09 23:01 IST
"wrapping_integers_cmp" time elapsed: 00:00:00
----------------------------------------------------------

2/15 Testing: wrapping_integers_unwrap
2/15 Test: wrapping_integers_unwrap
Command: "/home/deepanshu-dabas/Downloads/assignment2/build/tests/wrapping_integers_unwrap"
Directory: /home/deepanshu-dabas/Downloads/assignment2/build/tests
"wrapping_integers_unwrap" start time: Oct 09 23:01 IST
Output:
----------------------------------------------------------
<end of output>
Test time =   0.00 sec
----------------------------------------------------------
Test Passed.
"wrapping_integers_unwrap" end time: Oct 09 23:01 IST
"wrapping_integers_unwrap" time elapsed: 00:00:00
----------------------------------------------------------

3/15 Testing: wrapping_integers_wrap
3/15 Test: wrapping_integers_wrap
Command: "/home/deepanshu-dabas/Downloads/assignment2/build/tests/wrapping_integers_wrap"
Directory: /home/deepanshu-dabas/Downloads/assignment2/build/tests
"wrapping_integers_wrap" start time: Oct 09 23:01 IST
Output:
----------------------------------------------------------
<end of output>
Test time =   0.00 sec
----------------------------------------------------------
Test Passed.
"wrapping_integers_wrap" end time: Oct 09 23:01 IST
"wrapping_integers_wrap" time elapsed: 00:00:00
----------------------------------------------------------

4/15 Testing: wrapping_integers_roundtrip
4/15 Test: wrapping_integers_roundtrip
Command: "/home/deepanshu-dabas/Downloads/assignment2/build/tests/wrapping_integers_roundtrip"
Directory: /home/deepanshu-dabas/Downloads/assignment2/build/tests
"wrapping_integers_roundtrip" start time: Oct 09 23:01 IST
Output:
----------------------------------------------------------
<end of output>
Test time =   0.21 sec
----------------------------------------------------------
Test Passed.
"wrapping_integers_roundtrip" end time: Oct 09 23:01 IST
"wrapping_integers_roundtrip" time elapsed: 00:00:00
----------------------------------------------------------

5/15 Testing: byte_stream_construction
5/15 Test: byte_stream_construction
Command: "/home/deepanshu-dabas/Downloads/assignment2/build/tests/byte_stream_construction"
Directory: /home/deepanshu-dabas/Downloads/assignment2/build/tests
"byte_stream_construction" start time: Oct 09 23:01 IST
Output:
----------------------------------------------------------
<end of output>
Test time =   0.00 sec
----------------------------------------------------------
Test Passed.
"byte_stream_construction" end time: Oct 09 23:01 IST
"byte_stream_construction" time elapsed: 00:00:00
----------------------------------------------------------

6/15 Testing: byte_stream_one_write
6/15 Test: byte_stream_one_write
Command: "/home/deepanshu-dabas/Downloads/assignment2/build/tests/byte_stream_one_write"
Directory: /home/deepanshu-dabas/Downloads/assignment2/build/tests
"byte_stream_one_write" start time: Oct 09 23:01 IST
Output:
----------------------------------------------------------
<end of output>
Test time =   0.00 sec
----------------------------------------------------------
Test Passed.
"byte_stream_one_write" end time: Oct 09 23:01 IST
"byte_stream_one_write" time elapsed: 00:00:00
----------------------------------------------------------

7/15 Testing: byte_stream_two_writes
7/15 Test: byte_stream_two_writes
Command: "/home/deepanshu-dabas/Downloads/assignment2/build/tests/byte_stream_two_writes"
Directory: /home/deepanshu-dabas/Downloads/assignment2/build/tests
"byte_stream_two_writes" start time: Oct 09 23:01 IST
Output:
----------------------------------------------------------
<end of output>
Test time =   0.00 sec
----------------------------------------------------------
Test Passed.
"byte_stream_two_writes" end time: Oct 09 23:01 IST
"byte_stream_two_writes" time elapsed: 00:00:00
----------------------------------------------------------

8/15 Testing: byte_stream_capacity
8/15 Test: byte_stream_capacity
Command: "/home/deepanshu-dabas/Downloads/assignment2/build/tests/byte_stream_capacity"
Directory: /home/deepanshu-dabas/Downloads/assignment2/build/tests
"byte_stream_capacity" start time: Oct 09 23:01 IST
Output:
----------------------------------------------------------
<end of output>
Test time =   0.67 sec
----------------------------------------------------------
Test Passed.
"byte_stream_capacity" end time: Oct 09 23:01 IST
"byte_stream_capacity" time elapsed: 00:00:00
----------------------------------------------------------

9/15 Testing: byte_stream_many_writes
9/15 Test: byte_stream_many_writes
Command: "/home/deepanshu-dabas/Downloads/assignment2/build/tests/byte_stream_many_writes"
Directory: /home/deepanshu-dabas/Downloads/assignment2/build/tests
"byte_stream_many_writes" start time: Oct 09 23:01 IST
Output:
----------------------------------------------------------
<end of output>
Test time =   0.00 sec
----------------------------------------------------------
Test Passed.
"byte_stream_many_writes" end time: Oct 09 23:01 IST
"byte_stream_many_writes" time elapsed: 00:00:00
----------------------------------------------------------

10/15 Testing: recv_connect
10/15 Test: recv_connect
Command: "/home/deepanshu-dabas/Downloads/assignment2/build/tests/recv_connect"
Directory: /home/deepanshu-dabas/Downloads/assignment2/build/tests
"recv_connect" start time: Oct 09 23:01 IST
Output:
----------------------------------------------------------
<end of output>
Test time =   0.00 sec
----------------------------------------------------------
Test Passed.
"recv_connect" end time: Oct 09 23:01 IST
"recv_connect" time elapsed: 00:00:00
----------------------------------------------------------

11/15 Testing: recv_transmit
11/15 Test: recv_transmit
Command: "/home/deepanshu-dabas/Downloads/assignment2/build/tests/recv_transmit"
Directory: /home/deepanshu-dabas/Downloads/assignment2/build/tests
"recv_transmit" start time: Oct 09 23:01 IST
Output:
----------------------------------------------------------
<end of output>
Test time =   0.09 sec
----------------------------------------------------------
Test Passed.
"recv_transmit" end time: Oct 09 23:01 IST
"recv_transmit" time elapsed: 00:00:00
----------------------------------------------------------

12/15 Testing: recv_window
12/15 Test: recv_window
Command: "/home/deepanshu-dabas/Downloads/assignment2/build/tests/recv_window"
Directory: /home/deepanshu-dabas/Downloads/assignment2/build/tests
"recv_window" start time: Oct 09 23:01 IST
Output:
----------------------------------------------------------
<end of output>
Test time =   0.00 sec
----------------------------------------------------------
Test Passed.
"recv_window" end time: Oct 09 23:01 IST
"recv_window" time elapsed: 00:00:00
----------------------------------------------------------

13/15 Testing: recv_reorder
13/15 Test: recv_reorder
Command: "/home/deepanshu-dabas/Downloads/assignment2/build/tests/recv_reorder"
Directory: /home/deepanshu-dabas/Downloads/assignment2/build/tests
"recv_reorder" start time: Oct 09 23:01 IST
Output:
----------------------------------------------------------
<end of output>
Test time =   0.00 sec
----------------------------------------------------------
Test Passed.
"recv_reorder" end time: Oct 09 23:01 IST
"recv_reorder" time elapsed: 00:00:00
----------------------------------------------------------

14/15 Testing: recv_close
14/15 Test: recv_close
Command: "/home/deepanshu-dabas/Downloads/assignment2/build/tests/recv_close"
Directory: /home/deepanshu-dabas/Downloads/assignment2/build/tests
"recv_close" start time: Oct 09 23:01 IST
Output:
----------------------------------------------------------
<end of output>
Test time =   0.00 sec
----------------------------------------------------------
Test Passed.
"recv_close" end time: Oct 09 23:01 IST
"recv_close" time elapsed: 00:00:00
----------------------------------------------------------

15/15 Testing: recv_special
15/15 Test: recv_special
Command: "/home/deepanshu-dabas/Downloads/assignment2/build/tests/recv_special"
Directory: /home/deepanshu-dabas/Downloads/assignment2/build/tests
"recv_special" start time: Oct 09 23:01 IST
Output:
----------------------------------------------------------
<end of output>
Test time =   0.00 sec
----------------------------------------------------------
Test Passed.
"recv_special" end time: Oct 09 23:01 IST
"recv_special" time elapsed: 00:00:00
----------------------------------------------------------

End testing: Oct 09 23:01 IST
